  Ball.cpp
Ball.cpp(20): warning C4244: 'argument' : conversion de 'int' en 'float', perte possible de données
Ball.cpp(31): warning C4244: 'argument' : conversion de 'int' en 'float', perte possible de données
Ball.cpp(42): warning C4244: 'argument' : conversion de 'int' en 'float', perte possible de données
Ball.cpp(53): warning C4244: 'argument' : conversion de 'int' en 'float', perte possible de données
Ball.cpp(222): warning C4244: 'argument' : conversion de 'float' en 'int', perte possible de données
Ball.cpp(223): warning C4244: 'argument' : conversion de 'float' en 'int', perte possible de données
Ball.cpp(228): warning C4305: '+=' : troncation de 'double' à 'float'
  main.cpp
main.cpp(69): warning C4244: 'argument' : conversion de 'int' en 'float', perte possible de données
main.cpp(70): warning C4244: 'argument' : conversion de 'int' en 'float', perte possible de données
main.cpp(71): warning C4244: 'argument' : conversion de 'int' en 'float', perte possible de données
main.cpp(73): warning C4018: '<' : incompatibilité signed/unsigned
main.cpp(79): warning C4244: 'argument' : conversion de 'int' en 'float', perte possible de données
main.cpp(83): warning C4244: 'argument' : conversion de 'int' en 'float', perte possible de données
main.cpp(87): warning C4244: 'argument' : conversion de 'int' en 'float', perte possible de données
main.cpp(91): warning C4244: 'argument' : conversion de 'int' en 'float', perte possible de données
main.cpp(214): warning C4244: 'argument' : conversion de 'float' en 'int', perte possible de données
main.cpp(259): warning C4244: 'argument' : conversion de 'unsigned int' en 'float', perte possible de données
main.cpp(54): warning C4996: 'sf::Text::setColor': a été déclaré déconseillé
  C:\Users\YVAN\OneDrive - Association Cesi Viacesi mail\LIBRAIRIES\SFML-2.4.0\include\SFML/Graphics/Text.hpp(177): note: voir la déclaration de 'sf::Text::setColor'
main.cpp(55): warning C4996: 'sf::Text::setColor': a été déclaré déconseillé
  C:\Users\YVAN\OneDrive - Association Cesi Viacesi mail\LIBRAIRIES\SFML-2.4.0\include\SFML/Graphics/Text.hpp(177): note: voir la déclaration de 'sf::Text::setColor'
main.cpp(56): warning C4996: 'sf::Text::setColor': a été déclaré déconseillé
  C:\Users\YVAN\OneDrive - Association Cesi Viacesi mail\LIBRAIRIES\SFML-2.4.0\include\SFML/Graphics/Text.hpp(177): note: voir la déclaration de 'sf::Text::setColor'
main.cpp(57): warning C4996: 'sf::Text::setColor': a été déclaré déconseillé
  C:\Users\YVAN\OneDrive - Association Cesi Viacesi mail\LIBRAIRIES\SFML-2.4.0\include\SFML/Graphics/Text.hpp(177): note: voir la déclaration de 'sf::Text::setColor'
main.cpp(58): warning C4996: 'sf::Text::setColor': a été déclaré déconseillé
  C:\Users\YVAN\OneDrive - Association Cesi Viacesi mail\LIBRAIRIES\SFML-2.4.0\include\SFML/Graphics/Text.hpp(177): note: voir la déclaration de 'sf::Text::setColor'
     Création de la bibliothèque C:\Users\YVAN\Documents\Visual Studio 2015\Projects\GameOfLife\Release\Pong.lib et de l'objet C:\Users\YVAN\Documents\Visual Studio 2015\Projects\GameOfLife\Release\Pong.exp
  Génération de code en cours
  8 of 124 functions ( 6.5%) were compiled, the rest were copied from previous compilation.
    3 functions were new in current compilation
    5 functions had inline decision re-evaluated but remain unchanged
  Fin de la génération du code
  Pong.vcxproj -> C:\Users\YVAN\Documents\Visual Studio 2015\Projects\GameOfLife\Release\Pong.exe
  Pong.vcxproj -> C:\Users\YVAN\Documents\Visual Studio 2015\Projects\GameOfLife\Release\Pong.pdb (Full PDB)
